<?xml version="1.0" encoding="UTF-8"?>
<testsuite name="Scenario: Reseting after one increment" tests="5" skipped="0" failures="0" errors="0" timestamp="2017-04-01T21:53:22" hostname="tiera-P5Q-E" time="0.004">
  <properties/>
  <testcase name="Given Counter is initialized" classname="Scenario: Reseting after one increment" time="0.0"/>
  <testcase name="When it is incremented" classname="Scenario: Reseting after one increment" time="0.0"/>
  <testcase name="And it is reseted" classname="Scenario: Reseting after one increment" time="0.0"/>
  <testcase name="Then the value should be 0" classname="Scenario: Reseting after one increment" time="0.0"/>
  <testcase name="classMethod" classname="Scenario: Reseting after one increment" time="0.004"/>
  <system-out><![CDATA[]]></system-out>
  <system-err><![CDATA[]]></system-err>
</testsuite>
