<?xml version="1.0" encoding="UTF-8"?>
<testsuite name="Scenario: creation successful with correct username and password" tests="4" skipped="0" failures="0" errors="0" timestamp="2017-04-01T23:11:01" hostname="tiera-P5Q-E" time="0.002">
  <properties/>
  <testcase name="Given command new user is selected" classname="Scenario: creation successful with correct username and password" time="0.0"/>
  <testcase name="When username &quot;teira&quot; and password &quot;asd&quot; are entered" classname="Scenario: creation successful with correct username and password" time="0.0"/>
  <testcase name="Then system will respond with &quot;new user registered&quot;" classname="Scenario: creation successful with correct username and password" time="0.001"/>
  <testcase name="classMethod" classname="Scenario: creation successful with correct username and password" time="0.002"/>
  <system-out><![CDATA[]]></system-out>
  <system-err><![CDATA[]]></system-err>
</testsuite>
