<?xml version="1.0" encoding="UTF-8"?>
<testsuite name="ohtu.RunCukesTest" tests="0" skipped="0" failures="0" errors="0" timestamp="1970-01-01T00:00:00" hostname="tiera-P5Q-E" time="0.0">
  <properties/>
  <system-out><![CDATA[Feature: User can log in with valid username/password-combination

  Scenario: nonexistent user can not login to                    ?[90m# ohtu/login.feature:13?[0m
    ?[32mGiven ?[0m?[32mcommand login is selected?[0m                              ?[90m# Stepdefs.command_login_selected()?[0m
    ?[32mWhen ?[0m?[32musername "?[0m?[32m?[1masdas?[0m?[32m" and password "?[0m?[32m?[1maakkepasdas?[0m?[32m" are entered?[0m ?[90m# Stepdefs.a_username_and_password_are_entered(String,String)?[0m
    ?[32mThen ?[0m?[32msystem will respond with "?[0m?[32m?[1mwrong username or password?[0m?[32m"?[0m   ?[90m# Stepdefs.system_will_respond_with(String)?[0m
Feature: A new user account can be created if a proper unused username and password are given

  Scenario: creation successful with correct username and password ?[90m# ohtu/new_user.feature:4?[0m
    ?[32mGiven ?[0m?[32mcommand new user is selected?[0m                             ?[90m# Stepdefs.command_new_user_selected()?[0m
    ?[32mWhen ?[0m?[32musername "?[0m?[32m?[1mteira?[0m?[32m" and password "?[0m?[32m?[1masd?[0m?[32m" are entered?[0m           ?[90m# Stepdefs.a_username_and_password_are_entered(String,String)?[0m
    ?[32mThen ?[0m?[32msystem will respond with "?[0m?[32m?[1mnew user registered?[0m?[32m"?[0m            ?[90m# Stepdefs.system_will_respond_with(String)?[0m

4 Scenarios (?[32m4 passed?[0m)
12 Steps (?[32m12 passed?[0m)
0m0.105s

]]></system-out>
  <system-err><![CDATA[]]></system-err>
</testsuite>
